<?xml version="1.0" encoding="UTF-8"?>
<!-- Generated by org.testng.reporters.JUnitReportReporter -->
<testsuite hostname="Matrix-PC" name="GoogleSearch" tests="1" failures="0" timestamp="10 Dec 2016 23:58:41 GMT" time="214.610" errors="0">
  <testcase name="testSearch" time="214.610" classname="GoogleSearch"/>
</testsuite> <!-- GoogleSearch -->
