<?xml version="1.0" encoding="UTF-8"?>
<!-- Generated by org.testng.reporters.JUnitReportReporter -->
<testsuite hostname="Matrix-PC" name="test.GoogleSearch" tests="1" failures="0" timestamp="12 Dec 2016 20:31:05 GMT" time="68.499" errors="0">
  <testcase name="testSearch" time="68.499" classname="test.GoogleSearch"/>
</testsuite> <!-- test.GoogleSearch -->
