<?xml version="1.0" encoding="UTF-8"?>
<!-- Generated by org.testng.reporters.JUnitReportReporter -->
<testsuite hostname="Matrix-PC" name="test.GoogleSearch" tests="1" failures="0" timestamp="7 Mar 2017 22:38:09 GMT" time="21.614" errors="0">
  <testcase name="testSearch" time="21.614" classname="test.GoogleSearch"/>
</testsuite> <!-- test.GoogleSearch -->
