<?xml version="1.0" encoding="UTF-8"?>
<!-- Generated by org.testng.reporters.JUnitReportReporter -->
<testsuite hostname="Matrix-PC" name="test.GoogleSearch" tests="1" failures="0" timestamp="11 Dec 2016 00:20:25 GMT" time="31.703" errors="0">
  <testcase name="testSearch" time="31.703" classname="test.GoogleSearch"/>
</testsuite> <!-- test.GoogleSearch -->
