<?xml version="1.0" encoding="UTF-8"?>
<!-- Generated by org.testng.reporters.JUnitReportReporter -->
<testsuite hostname="Matrix-PC" name="OutlookLogin" tests="1" failures="0" timestamp="10 Dec 2016 22:18:32 GMT" time="333.268" errors="0">
  <testcase name="testLogin" time="333.268" classname="OutlookLogin"/>
</testsuite> <!-- OutlookLogin -->
